<?xml version="1.0" encoding="utf-8"?><testsuite errors="1" failures="0" name="pytest" skips="0" tests="1" time="0.458"><testcase classname="" file="pytests/test_index.py" name="pytests.test_index" time="0"><error message="collection failure">pytests/test_index.py:7: in &lt;module&gt;
    from ipynb.fs.full.index import sentence, flatiron_mantra, num_to_string, full_address
index.ipynb:44: in &lt;module&gt;
    &quot;source&quot;: [
E   TypeError: unsupported operand type(s) for +: &apos;NoneType&apos; and &apos;str&apos;</error></testcase></testsuite>